2020/12/14 09:00:01 随机睡眠时间: 2
2020/12/14 09:02:01 点亮屏幕
2020/12/14 09:02:06 已点亮屏幕
2020/12/14 09:02:06 进入主页
2020/12/14 09:02:07 进入钉钉
2020/12/14 09:02:17 检查是否需要登录
2020/12/14 09:02:18 钉钉-工作台
2020/12/14 09:02:24 钉钉-工作台-考勤打卡
2020/12/14 09:02:29 等待蓝牙连接
2020/12/14 09:02:31 相识度: 0
2020/12/14 09:02:34 相识度: 0.5153882032022076
2020/12/14 09:02:37 相识度: 0.5153882032022076
2020/12/14 09:02:40 相识度: 0.5153882032022076
2020/12/14 09:02:44 相识度: 0.5153882032022076
2020/12/14 09:02:47 相识度: 0.5153882032022076
2020/12/14 09:02:50 相识度: 0.19802950859533489
2020/12/14 09:02:53 相识度: 0.19802950859533489
2020/12/14 09:02:56 相识度: 0.19802950859533489
2020/12/14 09:03:00 相识度: 0.19802950859533489
2020/12/14 09:03:03 相识度: 0.19802950859533489
2020/12/14 09:03:06 相识度: 0.19802950859533489
2020/12/14 09:03:09 相识度: 0.19802950859533489
2020/12/14 09:03:12 相识度: 0.5153882032022076
2020/12/14 09:03:15 相识度: 0.5153882032022076
2020/12/14 09:03:18 相识度: 0.5153882032022076
2020/12/14 09:03:22 相识度: 0.19802950859533489
2020/12/14 09:03:25 相识度: 0.19802950859533489
2020/12/14 09:03:28 相识度: 0.19802950859533489
2020/12/14 09:03:31 相识度: 0.5153882032022076
2020/12/14 09:03:34 相识度: 0.5153882032022076
2020/12/14 09:03:37 相识度: 0.5153882032022076
2020/12/14 09:03:41 相识度: 0.5153882032022076
2020/12/14 09:03:44 相识度: 0.5153882032022076
2020/12/14 09:03:47 相识度: 0.5153882032022076
2020/12/14 09:03:50 相识度: 0.5153882032022076
2020/12/14 09:03:53 相识度: 0.5153882032022076
2020/12/14 09:03:56 相识度: 0.5153882032022076
2020/12/14 09:04:00 相识度: 0.5153882032022076
2020/12/14 09:04:03 相识度: 0.19802950859533489
2020/12/14 09:04:06 相识度: 0.5153882032022076
2020/12/14 09:04:09 相识度: 0.5153882032022076
2020/12/14 09:04:12 相识度: 0.5153882032022076
2020/12/14 09:04:15 相识度: 0.5153882032022076
2020/12/14 09:04:19 相识度: 0.5153882032022076
2020/12/14 09:04:22 相识度: 0.5153882032022076
2020/12/14 09:04:25 相识度: 0.5153882032022076
2020/12/14 09:04:28 相识度: 0.5153882032022076
2020/12/14 09:04:31 相识度: 0.5153882032022076
2020/12/14 09:04:34 相识度: 0.5153882032022076
2020/12/14 09:04:37 相识度: 0.19802950859533489
2020/12/14 09:04:41 相识度: 0.19802950859533489
2020/12/14 09:04:44 相识度: 0.19802950859533489
2020/12/14 09:04:47 相识度: 0.19802950859533489
2020/12/14 09:04:50 相识度: 0.19802950859533489
2020/12/14 09:04:53 相识度: 0.19802950859533489
2020/12/14 09:04:57 相识度: 0.19802950859533489
2020/12/14 09:05:00 相识度: 0.19802950859533489
2020/12/14 09:05:03 相识度: 0.5153882032022076
2020/12/14 09:05:06 相识度: 0.5153882032022076
2020/12/14 09:05:09 相识度: 0.5153882032022076
2020/12/14 09:05:12 相识度: 0.5153882032022076
2020/12/14 09:05:16 相识度: 0.5153882032022076
2020/12/14 09:05:19 相识度: 0.5153882032022076
2020/12/14 09:05:22 相识度: 0.5153882032022076
2020/12/14 09:05:25 相识度: 0.5153882032022076
2020/12/14 09:05:28 相识度: 0.5153882032022076
2020/12/14 09:05:31 相识度: 0.5153882032022076
2020/12/14 09:05:35 相识度: 0.5153882032022076
2020/12/14 09:05:38 相识度: 0.19802950859533489
2020/12/14 09:05:41 相识度: 0.19802950859533489
2020/12/14 09:05:44 相识度: 0.19802950859533489
2020/12/14 09:05:47 相识度: 0.19802950859533489
2020/12/14 09:05:50 相识度: 0.19802950859533489
2020/12/14 09:05:54 相识度: 0.19802950859533489
2020/12/14 09:05:57 相识度: 0.19802950859533489
2020/12/14 09:06:00 相识度: 0.19802950859533489
2020/12/14 09:06:03 相识度: 0.5153882032022076
2020/12/14 09:06:06 相识度: 0.5153882032022076
2020/12/14 09:06:10 相识度: 0.5153882032022076
2020/12/14 09:06:13 相识度: 0.5153882032022076
2020/12/14 09:06:16 相识度: 0.5153882032022076
2020/12/14 09:06:19 相识度: 0.5153882032022076
2020/12/14 09:06:22 相识度: 0.5153882032022076
2020/12/14 09:06:25 相识度: 0.5153882032022076
2020/12/14 09:06:28 相识度: 0.5153882032022076
2020/12/14 09:06:32 相识度: 0.5153882032022076
2020/12/14 09:06:35 相识度: 0.5153882032022076
2020/12/14 09:06:38 相识度: 0.5153882032022076
2020/12/14 09:06:41 相识度: 0.5153882032022076
2020/12/14 09:06:44 相识度: 0.5153882032022076
2020/12/14 09:06:48 相识度: 0.5153882032022076
2020/12/14 09:06:51 相识度: 0.5153882032022076
2020/12/14 09:06:54 相识度: 0.5153882032022076
2020/12/14 09:06:57 相识度: 0.5153882032022076
2020/12/14 09:07:00 相识度: 0.5153882032022076
2020/12/14 09:07:04 相识度: 0.19802950859533489
2020/12/14 09:07:07 相识度: 0.19802950859533489
2020/12/14 09:07:10 相识度: 0.19802950859533489
2020/12/14 09:07:13 相识度: 0.19802950859533489
2020/12/14 09:07:16 相识度: 0.19802950859533489
2020/12/14 09:07:19 相识度: 0.19802950859533489
2020/12/14 09:07:23 相识度: 0.19802950859533489
2020/12/14 09:07:26 相识度: 0.19802950859533489
2020/12/14 09:07:29 相识度: 0.19802950859533489
2020/12/14 09:07:32 相识度: 0.19802950859533489
2020/12/14 09:07:35 相识度: 0.19802950859533489
2020/12/14 09:07:39 相识度: 0.19802950859533489
2020/12/14 09:07:42 相识度: 0.19802950859533489
2020/12/14 09:07:45 相识度: 0.19802950859533489
2020/12/14 09:07:48 相识度: 0.19802950859533489
2020/12/14 09:07:51 相识度: 0.5153882032022076
2020/12/14 09:07:54 相识度: 0.5153882032022076
2020/12/14 09:07:58 相识度: 0.5153882032022076
2020/12/14 09:08:01 相识度: 0.5153882032022076
2020/12/14 09:08:04 相识度: 0.5153882032022076
2020/12/14 09:08:07 相识度: 0.5153882032022076
2020/12/14 09:08:10 相识度: 0.5153882032022076
2020/12/14 09:08:14 相识度: 0.5153882032022076
2020/12/14 09:08:17 相识度: 0.5153882032022076
2020/12/14 09:08:20 相识度: 0.5153882032022076
2020/12/14 09:08:23 相识度: 0.5153882032022076
2020/12/14 09:08:26 相识度: 0.5153882032022076
2020/12/14 09:08:29 相识度: 0.5153882032022076
2020/12/14 09:08:32 相识度: 0.5153882032022076
2020/12/14 09:08:36 相识度: 0.5153882032022076
2020/12/14 09:08:39 相识度: 0.19802950859533489
2020/12/14 09:08:42 相识度: 0.19802950859533489
2020/12/14 09:08:45 相识度: 0.19802950859533489
2020/12/14 09:08:48 相识度: 0.19802950859533489
2020/12/14 09:08:52 相识度: 0.19802950859533489
2020/12/14 09:08:55 相识度: 0.19802950859533489
2020/12/14 09:08:58 相识度: 0.19802950859533489
2020/12/14 09:09:01 相识度: 0.19802950859533489
2020/12/14 09:09:04 相识度: 0.19802950859533489
2020/12/14 09:09:07 相识度: 0.19802950859533489
2020/12/14 09:09:11 相识度: 0.19802950859533489
2020/12/14 09:09:14 相识度: 0.19802950859533489
2020/12/14 09:09:17 相识度: 0.5153882032022076
2020/12/14 09:09:20 相识度: 0.5153882032022076
2020/12/14 09:09:23 相识度: 0.5153882032022076
2020/12/14 09:09:26 相识度: 0.5153882032022076
2020/12/14 09:09:30 相识度: 0.5153882032022076
2020/12/14 09:09:33 相识度: 0.5153882032022076
2020/12/14 09:09:36 相识度: 0.5153882032022076
2020/12/14 09:09:39 相识度: 0.5153882032022076
2020/12/14 09:09:42 相识度: 0.5153882032022076
2020/12/14 09:09:45 相识度: 0.5153882032022076
2020/12/14 09:09:49 相识度: 0.5153882032022076
2020/12/14 09:09:52 相识度: 0.5153882032022076
2020/12/14 09:09:55 相识度: 0.5153882032022076
2020/12/14 09:09:58 相识度: 0.5153882032022076
2020/12/14 09:10:01 相识度: 0.5153882032022076
2020/12/14 09:10:05 相识度: 0.5153882032022076
2020/12/14 09:10:08 相识度: 0.5153882032022076
2020/12/14 09:10:11 相识度: 0.5153882032022076
2020/12/14 09:10:14 相识度: 0.5153882032022076
2020/12/14 09:10:17 相识度: 0.19802950859533489
2020/12/14 09:10:20 相识度: 0.19802950859533489
2020/12/14 09:10:24 相识度: 0.19802950859533489
2020/12/14 09:10:27 相识度: 0.19802950859533489
2020/12/14 09:10:30 相识度: 0.19802950859533489
2020/12/14 09:10:33 相识度: 0.19802950859533489
2020/12/14 09:10:36 相识度: 0.5153882032022076
2020/12/14 09:10:39 相识度: 0.5153882032022076
2020/12/14 09:10:43 相识度: 0.5153882032022076
2020/12/14 09:10:46 相识度: 0.5153882032022076
2020/12/14 09:10:49 相识度: 0.5153882032022076
2020/12/14 09:10:52 相识度: 0.5153882032022076
2020/12/14 09:10:55 相识度: 0.5153882032022076
2020/12/14 09:10:58 相识度: 0.5153882032022076
2020/12/14 09:11:01 相识度: 0.5153882032022076
2020/12/14 09:11:05 相识度: 0.5153882032022076
2020/12/14 09:11:08 相识度: 0.5153882032022076
2020/12/14 09:11:11 相识度: 0.5153882032022076
2020/12/14 09:11:14 相识度: 0.5153882032022076
2020/12/14 09:11:17 相识度: 0.5153882032022076
2020/12/14 09:11:21 相识度: 0.5153882032022076
2020/12/14 09:11:24 相识度: 0.5153882032022076
2020/12/14 09:11:27 相识度: 0.5153882032022076
2020/12/14 09:11:30 相识度: 0.5153882032022076
2020/12/14 09:11:33 相识度: 0.5153882032022076
2020/12/14 09:11:37 相识度: 0.19802950859533489
2020/12/14 09:11:40 相识度: 0.19802950859533489
2020/12/14 09:11:43 相识度: 0.5153882032022076
2020/12/14 09:11:46 相识度: 0.5153882032022076
2020/12/14 09:11:49 相识度: 0.5153882032022076
2020/12/14 09:11:53 相识度: 0.5153882032022076
2020/12/14 09:11:56 相识度: 0.5153882032022076
2020/12/14 09:11:59 相识度: 0.5153882032022076
2020/12/14 09:12:02 相识度: 0.5153882032022076
2020/12/14 09:12:05 相识度: 0.5153882032022076
2020/12/14 09:12:08 相识度: 0.5153882032022076
2020/12/14 09:12:12 相识度: 0.5153882032022076
2020/12/14 09:12:15 相识度: 0.5153882032022076
2020/12/14 09:12:18 相识度: 0.5153882032022076
2020/12/14 09:12:21 相识度: 0.5153882032022076
2020/12/14 09:12:24 相识度: 0.5153882032022076
2020/12/14 09:12:28 相识度: 0.5153882032022076
2020/12/14 09:12:31 相识度: 0.5153882032022076
2020/12/14 09:12:34 相识度: 0.5153882032022076
2020/12/14 09:12:37 相识度: 0.5153882032022076
2020/12/14 09:12:40 相识度: 0.5153882032022076
2020/12/14 09:12:44 相识度: 0.5153882032022076
2020/12/14 09:12:47 相识度: 0.5153882032022076
2020/12/14 09:12:50 相识度: 0.5153882032022076
2020/12/14 09:12:53 相识度: 0.5153882032022076
2020/12/14 09:12:56 相识度: 0.5153882032022076
2020/12/14 09:12:59 相识度: 0.5153882032022076
2020/12/14 09:13:03 相识度: 0.17149858514250882
2020/12/14 09:13:06 相识度: 0.5153882032022076
2020/12/14 09:13:09 相识度: 0.19802950859533489
2020/12/14 09:13:12 相识度: 0.19802950859533489
2020/12/14 09:13:15 相识度: 0.19802950859533489
2020/12/14 09:13:18 相识度: 0.19802950859533489
2020/12/14 09:13:22 相识度: 0.19802950859533489
2020/12/14 09:13:25 相识度: 0.19802950859533489
2020/12/14 09:13:28 相识度: 0.19802950859533489
2020/12/14 09:13:31 相识度: 0.5153882032022076
2020/12/14 09:13:35 相识度: 0.5153882032022076
2020/12/14 09:13:38 相识度: 0.5153882032022076
2020/12/14 09:13:41 相识度: 0.5153882032022076
2020/12/14 09:13:44 相识度: 0.5153882032022076
2020/12/14 09:13:47 相识度: 0.5153882032022076
2020/12/14 09:13:50 相识度: 0.5153882032022076
2020/12/14 09:13:54 相识度: 0.5153882032022076
2020/12/14 09:13:57 相识度: 0.5153882032022076
2020/12/14 09:14:00 相识度: 0.5153882032022076
2020/12/14 09:14:03 相识度: 0.5153882032022076
2020/12/14 09:14:06 相识度: 0.5153882032022076
2020/12/14 09:14:10 相识度: 0.5153882032022076
2020/12/14 09:14:13 相识度: 0.5153882032022076
2020/12/14 09:14:16 相识度: 0.5153882032022076
2020/12/14 09:14:19 相识度: 0.5153882032022076
2020/12/14 09:14:22 相识度: 0.5153882032022076
2020/12/14 09:14:26 相识度: 0.5153882032022076
2020/12/14 09:14:29 相识度: 0.5153882032022076
2020/12/14 09:14:32 相识度: 0.5153882032022076
2020/12/14 09:14:35 相识度: 0.5153882032022076
2020/12/14 09:14:38 相识度: 0.5153882032022076
2020/12/14 09:14:41 相识度: 0.5153882032022076
2020/12/14 09:14:44 相识度: 0.5153882032022076
2020/12/14 09:14:48 相识度: 0.5153882032022076
2020/12/14 09:14:51 相识度: 0.5153882032022076
2020/12/14 09:14:54 相识度: 0.5153882032022076
2020/12/14 09:14:57 相识度: 0.5153882032022076
2020/12/14 09:15:01 相识度: 0.5153882032022076
2020/12/14 09:15:04 相识度: 0.5153882032022076
2020/12/14 09:15:07 相识度: 0.5153882032022076
2020/12/14 09:15:10 相识度: 0.5153882032022076
2020/12/14 09:15:13 相识度: 0.5153882032022076
2020/12/14 09:15:16 相识度: 0.5153882032022076
2020/12/14 09:15:20 相识度: 0.5153882032022076
2020/12/14 09:15:23 相识度: 0.5153882032022076
2020/12/14 09:15:26 相识度: 0.5153882032022076
2020/12/14 09:15:29 相识度: 0.5153882032022076
2020/12/14 09:15:32 相识度: 0.5153882032022076
2020/12/14 09:15:35 相识度: 0.5153882032022076
2020/12/14 09:15:39 相识度: 0.5153882032022076
2020/12/14 09:15:42 相识度: 0.5153882032022076
2020/12/14 09:15:45 相识度: 0.5153882032022076
2020/12/14 09:15:48 相识度: 0.5153882032022076
2020/12/14 09:15:51 相识度: 0.5153882032022076
2020/12/14 09:15:55 相识度: 0.5153882032022076
2020/12/14 09:15:58 相识度: 0.5153882032022076
2020/12/14 09:16:01 相识度: 0.19802950859533489
2020/12/14 09:16:04 相识度: 0.19802950859533489
2020/12/14 09:16:08 相识度: 0.19802950859533489
2020/12/14 09:16:11 相识度: 0.19802950859533489
2020/12/14 09:16:14 相识度: 0.19802950859533489
2020/12/14 09:16:17 相识度: 0.19802950859533489
2020/12/14 09:16:20 相识度: 0.19802950859533489
2020/12/14 09:16:23 相识度: 0.19802950859533489
2020/12/14 09:16:27 相识度: 0.19802950859533489
2020/12/14 09:16:30 相识度: 0.5153882032022076
2020/12/14 09:16:33 相识度: 0.5153882032022076
2020/12/14 09:16:36 相识度: 0.5153882032022076
2020/12/14 09:16:39 相识度: 0.5153882032022076
2020/12/14 09:16:42 相识度: 0.5153882032022076
2020/12/14 09:16:46 相识度: 0.5153882032022076
2020/12/14 09:16:49 相识度: 0.5153882032022076
2020/12/14 09:16:52 相识度: 0.5153882032022076
2020/12/14 09:16:55 相识度: 0.19802950859533489
2020/12/14 09:16:58 相识度: 0.19802950859533489
2020/12/14 09:17:01 相识度: 0.19802950859533489
2020/12/14 09:17:05 相识度: 0.5153882032022076
2020/12/14 09:17:08 相识度: 0.5153882032022076
2020/12/14 09:17:11 相识度: 0.5153882032022076
2020/12/14 09:17:14 相识度: 0.5153882032022076
2020/12/14 09:17:17 相识度: 0.5153882032022076
2020/12/14 09:17:20 相识度: 0.5153882032022076
2020/12/14 09:17:24 相识度: 0.5153882032022076
2020/12/14 09:17:27 相识度: 0.5153882032022076
2020/12/14 09:17:30 相识度: 0.5153882032022076
2020/12/14 09:17:33 相识度: 0.5153882032022076
2020/12/14 09:17:36 相识度: 0.5153882032022076
2020/12/14 09:17:39 相识度: 0.5153882032022076
2020/12/14 09:17:43 相识度: 0.5153882032022076
2020/12/14 09:17:46 相识度: 0.5153882032022076
2020/12/14 09:17:49 相识度: 0.5153882032022076
2020/12/14 09:17:52 相识度: 0.5153882032022076
2020/12/14 09:17:55 相识度: 0.5153882032022076
2020/12/14 09:17:58 相识度: 0.5153882032022076
2020/12/14 09:18:02 相识度: 0.5153882032022076
2020/12/14 09:18:05 相识度: 0.5153882032022076
2020/12/14 09:18:08 相识度: 0.5153882032022076
2020/12/14 09:18:11 相识度: 0.5153882032022076
2020/12/14 09:18:14 相识度: 0.5153882032022076
2020/12/14 09:18:18 相识度: 0.5153882032022076
2020/12/14 09:18:21 相识度: 0.5153882032022076
2020/12/14 09:18:24 相识度: 0.5153882032022076
2020/12/14 09:18:27 相识度: 0.19802950859533489
2020/12/14 09:18:30 相识度: 0.5153882032022076
2020/12/14 09:18:33 相识度: 0.5153882032022076
2020/12/14 09:18:37 相识度: 0.5153882032022076
2020/12/14 09:18:40 相识度: 0.5153882032022076
2020/12/14 09:18:43 相识度: 0.5153882032022076
2020/12/14 09:18:46 相识度: 0.5153882032022076
2020/12/14 09:18:49 相识度: 0.5153882032022076
2020/12/14 09:18:52 相识度: 0.5153882032022076
2020/12/14 09:18:56 相识度: 0.5153882032022076
2020/12/14 09:18:59 相识度: 0.5153882032022076
2020/12/14 09:19:02 相识度: 0.5153882032022076
2020/12/14 09:19:05 相识度: 0.5153882032022076
2020/12/14 09:19:08 相识度: 0.5153882032022076
2020/12/14 09:19:11 相识度: 0.5153882032022076
2020/12/14 09:19:14 相识度: 0.19802950859533489
2020/12/14 09:19:18 相识度: 0.19802950859533489
2020/12/14 09:19:21 相识度: 0.19802950859533489
2020/12/14 09:19:24 相识度: 0.19802950859533489
2020/12/14 09:19:27 相识度: 0.19802950859533489
2020/12/14 09:19:30 相识度: 0.19802950859533489
2020/12/14 09:19:33 相识度: 0.5153882032022076
2020/12/14 09:19:36 相识度: 0.5153882032022076
2020/12/14 09:19:40 相识度: 0.5153882032022076
2020/12/14 09:19:43 相识度: 0.19802950859533489
2020/12/14 09:19:46 相识度: 0.5153882032022076
2020/12/14 09:19:49 相识度: 0.5153882032022076
2020/12/14 09:19:52 相识度: 0.5153882032022076
2020/12/14 09:19:55 相识度: 0.19802950859533489
2020/12/14 09:19:58 相识度: 0.5153882032022076
2020/12/14 09:20:02 相识度: 0.5153882032022076
2020/12/14 09:20:05 相识度: 0.5153882032022076
2020/12/14 09:20:08 相识度: 0.5153882032022076
2020/12/14 09:20:11 相识度: 0.5153882032022076
2020/12/14 09:20:14 相识度: 0.5153882032022076
2020/12/14 09:20:17 相识度: 0.5153882032022076
2020/12/14 09:20:21 相识度: 0.5153882032022076
2020/12/14 09:20:24 相识度: 0.5153882032022076
2020/12/14 09:20:27 相识度: 0.5153882032022076
2020/12/14 09:20:30 相识度: 0.5153882032022076
2020/12/14 09:20:33 相识度: 0.5153882032022076
2020/12/14 09:20:36 相识度: 0.5153882032022076
2020/12/14 09:20:40 相识度: 0.5153882032022076
2020/12/14 09:20:43 相识度: 0.5153882032022076
2020/12/14 09:20:46 相识度: 0
2020/12/14 09:20:49 相识度: 0.5153882032022076
2020/12/14 09:20:52 相识度: 0.5153882032022076
2020/12/14 09:20:55 相识度: 0.5153882032022076
2020/12/14 09:20:59 相识度: 0.5153882032022076
2020/12/14 09:21:02 相识度: 0.5153882032022076
2020/12/14 09:21:05 相识度: 0.5153882032022076
2020/12/14 09:21:08 相识度: 0.5153882032022076
2020/12/14 09:21:11 相识度: 0.5153882032022076
2020/12/14 09:21:15 相识度: 0.5153882032022076
2020/12/14 09:21:18 相识度: 0.5153882032022076
2020/12/14 09:21:21 相识度: 0.5153882032022076
2020/12/14 09:21:24 相识度: 0.5153882032022076
2020/12/14 09:21:27 相识度: 0.5153882032022076
2020/12/14 09:21:30 相识度: 0.5153882032022076
2020/12/14 09:21:34 相识度: 0.5153882032022076
2020/12/14 09:21:37 相识度: 0.5153882032022076
2020/12/14 09:21:40 相识度: 0.5153882032022076
2020/12/14 09:21:43 相识度: 0.5153882032022076
2020/12/14 09:21:46 相识度: 0.5153882032022076
2020/12/14 09:21:49 相识度: 0.5153882032022076
2020/12/14 09:21:53 相识度: 0.5153882032022076
2020/12/14 09:21:56 相识度: 0.5153882032022076
2020/12/14 09:21:59 相识度: 0.5153882032022076
2020/12/14 09:22:02 相识度: 0.5153882032022076
2020/12/14 09:22:05 相识度: 0.5153882032022076
2020/12/14 09:22:08 相识度: 0.5153882032022076
2020/12/14 09:22:12 相识度: 0.5153882032022076
2020/12/14 09:22:15 相识度: 0.5153882032022076
2020/12/14 09:22:18 相识度: 0.5153882032022076
2020/12/14 09:22:21 相识度: 0.5153882032022076
2020/12/14 09:22:24 相识度: 0.5153882032022076
/home/yu/code/clockin/bin.sh: 行 4: 25854 已杀死               ./clockinbin pro
